<?xml version="1.0" encoding="UTF-8"?>
<!-- Generated by org.testng.reporters.JUnitReportReporter -->
<testsuite hostname="Himanshu-Workspace" failures="0" tests="1" name="com.parabank.driverscript.TestBase" time="4.367" errors="1" timestamp="2023-08-27T17:31:39 IST" skipped="0">
  <testcase classname="com.parabank.driverscript.TestBase" name="setup" time="4.367">
    <error message="session not created: This version of MSEdgeDriver only supports MSEdge version 98
Current browser version is 116.0.1938.62 with binary path C:\Program Files (x86)\Microsoft\Edge\Application\msedge.exe
Build info: version: &#039;3.141.59&#039;, revision: &#039;e82be7d358&#039;, time: &#039;2018-11-14T08:17:03&#039;
System info: host: &#039;HIMANSHU-WORKSP&#039;, ip: &#039;192.168.1.5&#039;, os.name: &#039;Windows 11&#039;, os.arch: &#039;amd64&#039;, os.version: &#039;10.0&#039;, java.version: &#039;17.0.3&#039;
Driver info: driver.version: EdgeDriver
remote stacktrace: Backtrace:
	Microsoft::Applications::Events::EventProperties::unpack [0x00007FF6972C3382+22610]
	Microsoft::Applications::Events::time_ticks_t::time_ticks_t [0x00007FF697201C52+503778]
	Ordinal0 [0x00007FF696D00FA5+659365]
	Ordinal0 [0x00007FF696D2B8EC+833772]
	Ordinal0 [0x00007FF696D26ECA+814794]
	Ordinal0 [0x00007FF696D22842+796738]
	Ordinal0 [0x00007FF696D5C6C6+1033926]
	Ordinal0 [0x00007FF696D56DF3+1011187]
	Ordinal0 [0x00007FF696D2DE97+843415]
	Ordinal0 [0x00007FF696D2F368+848744]
	Microsoft::Applications::Events::EventProperty::to_string [0x00007FF696EC8BC8+848072]
	Microsoft::Applications::Events::EventProperty::EventProperty [0x00007FF696FBAB9D+39117]
	Microsoft::Applications::Events::EventProperty::EventProperty [0x00007FF696FBDE12+52034]
	Microsoft::Applications::Events::EventProperty::to_string [0x00007FF696E00906+28166]
	Microsoft::Applications::Events::time_ticks_t::time_ticks_t [0x00007FF6972088E1+531569]
	Microsoft::Applications::Events::time_ticks_t::time_ticks_t [0x00007FF69720DDC4+553300]
	Microsoft::Applications::Events::time_ticks_t::time_ticks_t [0x00007FF69720DF55+553701]
	Microsoft::Applications::Events::EventProperty::to_string [0x00007FF696ED6650+904016]
	BaseThreadInitThunk [0x00007FFFA667257D+29]
	RtlUserThreadStart [0x00007FFFA7C2AA68+40]
" type="org.openqa.selenium.SessionNotCreatedException">
      <![CDATA[org.openqa.selenium.SessionNotCreatedException: session not created: This version of MSEdgeDriver only supports MSEdge version 98
Current browser version is 116.0.1938.62 with binary path C:\Program Files (x86)\Microsoft\Edge\Application\msedge.exe
Build info: version: '3.141.59', revision: 'e82be7d358', time: '2018-11-14T08:17:03'
System info: host: 'HIMANSHU-WORKSP', ip: '192.168.1.5', os.name: 'Windows 11', os.arch: 'amd64', os.version: '10.0', java.version: '17.0.3'
Driver info: driver.version: EdgeDriver
remote stacktrace: Backtrace:
Microsoft::Applications::Events::EventProperties::unpack [0x00007FF6972C3382+22610]
Microsoft::Applications::Events::time_ticks_t::time_ticks_t [0x00007FF697201C52+503778]
Ordinal0 [0x00007FF696D00FA5+659365]
Ordinal0 [0x00007FF696D2B8EC+833772]
Ordinal0 [0x00007FF696D26ECA+814794]
Ordinal0 [0x00007FF696D22842+796738]
Ordinal0 [0x00007FF696D5C6C6+1033926]
Ordinal0 [0x00007FF696D56DF3+1011187]
Ordinal0 [0x00007FF696D2DE97+843415]
Ordinal0 [0x00007FF696D2F368+848744]
Microsoft::Applications::Events::EventProperty::to_string [0x00007FF696EC8BC8+848072]
Microsoft::Applications::Events::EventProperty::EventProperty [0x00007FF696FBAB9D+39117]
Microsoft::Applications::Events::EventProperty::EventProperty [0x00007FF696FBDE12+52034]
Microsoft::Applications::Events::EventProperty::to_string [0x00007FF696E00906+28166]
Microsoft::Applications::Events::time_ticks_t::time_ticks_t [0x00007FF6972088E1+531569]
Microsoft::Applications::Events::time_ticks_t::time_ticks_t [0x00007FF69720DDC4+553300]
Microsoft::Applications::Events::time_ticks_t::time_ticks_t [0x00007FF69720DF55+553701]
Microsoft::Applications::Events::EventProperty::to_string [0x00007FF696ED6650+904016]
BaseThreadInitThunk [0x00007FFFA667257D+29]
RtlUserThreadStart [0x00007FFFA7C2AA68+40]

at java.base/jdk.internal.reflect.NativeConstructorAccessorImpl.newInstance0(Native Method)
at java.base/jdk.internal.reflect.NativeConstructorAccessorImpl.newInstance(NativeConstructorAccessorImpl.java:77)
at java.base/jdk.internal.reflect.DelegatingConstructorAccessorImpl.newInstance(DelegatingConstructorAccessorImpl.java:45)
at java.base/java.lang.reflect.Constructor.newInstanceWithCaller(Constructor.java:499)
at java.base/java.lang.reflect.Constructor.newInstance(Constructor.java:480)
at org.openqa.selenium.remote.W3CHandshakeResponse.lambda$errorHandler$0(W3CHandshakeResponse.java:62)
at org.openqa.selenium.remote.HandshakeResponse.lambda$getResponseFunction$0(HandshakeResponse.java:30)
at org.openqa.selenium.remote.ProtocolHandshake.lambda$createSession$0(ProtocolHandshake.java:126)
at java.base/java.util.stream.ReferencePipeline$3$1.accept(ReferencePipeline.java:197)
at java.base/java.util.Spliterators$ArraySpliterator.tryAdvance(Spliterators.java:1002)
at java.base/java.util.stream.ReferencePipeline.forEachWithCancel(ReferencePipeline.java:129)
at java.base/java.util.stream.AbstractPipeline.copyIntoWithCancel(AbstractPipeline.java:527)
at java.base/java.util.stream.AbstractPipeline.copyInto(AbstractPipeline.java:513)
at java.base/java.util.stream.AbstractPipeline.wrapAndCopyInto(AbstractPipeline.java:499)
at java.base/java.util.stream.FindOps$FindOp.evaluateSequential(FindOps.java:150)
at java.base/java.util.stream.AbstractPipeline.evaluate(AbstractPipeline.java:234)
at java.base/java.util.stream.ReferencePipeline.findFirst(ReferencePipeline.java:647)
at org.openqa.selenium.remote.ProtocolHandshake.createSession(ProtocolHandshake.java:128)
at org.openqa.selenium.remote.ProtocolHandshake.createSession(ProtocolHandshake.java:74)
at org.openqa.selenium.remote.HttpCommandExecutor.execute(HttpCommandExecutor.java:136)
at org.openqa.selenium.remote.service.DriverCommandExecutor.execute(DriverCommandExecutor.java:83)
at org.openqa.selenium.remote.RemoteWebDriver.execute(RemoteWebDriver.java:552)
at org.openqa.selenium.remote.RemoteWebDriver.startSession(RemoteWebDriver.java:213)
at org.openqa.selenium.remote.RemoteWebDriver.<init>(RemoteWebDriver.java:131)
at org.openqa.selenium.edge.EdgeDriver.<init>(EdgeDriver.java:141)
at org.openqa.selenium.edge.EdgeDriver.<init>(EdgeDriver.java:96)
at com.parabank.driverscript.TestBase.setup(TestBase.java:42)
at java.base/jdk.internal.reflect.NativeMethodAccessorImpl.invoke0(Native Method)
at java.base/jdk.internal.reflect.NativeMethodAccessorImpl.invoke(NativeMethodAccessorImpl.java:77)
at java.base/jdk.internal.reflect.DelegatingMethodAccessorImpl.invoke(DelegatingMethodAccessorImpl.java:43)
at java.base/java.lang.reflect.Method.invoke(Method.java:568)
at org.testng.internal.invokers.MethodInvocationHelper.invokeMethod(MethodInvocationHelper.java:139)
at org.testng.internal.invokers.MethodInvocationHelper.invokeMethodConsideringTimeout(MethodInvocationHelper.java:69)
at org.testng.internal.invokers.ConfigInvoker.invokeConfigurationMethod(ConfigInvoker.java:361)
at org.testng.internal.invokers.ConfigInvoker.invokeConfigurations(ConfigInvoker.java:296)
at org.testng.SuiteRunner.privateRun(SuiteRunner.java:376)
at org.testng.SuiteRunner.run(SuiteRunner.java:330)
at org.testng.SuiteRunnerWorker.runSuite(SuiteRunnerWorker.java:52)
at org.testng.SuiteRunnerWorker.run(SuiteRunnerWorker.java:95)
at org.testng.TestNG.runSuitesSequentially(TestNG.java:1256)
at org.testng.TestNG.runSuitesLocally(TestNG.java:1176)
at org.testng.TestNG.runSuites(TestNG.java:1099)
at org.testng.TestNG.run(TestNG.java:1067)
at org.testng.remote.AbstractRemoteTestNG.run(AbstractRemoteTestNG.java:115)
at org.testng.remote.RemoteTestNG.initAndRun(RemoteTestNG.java:251)
at org.testng.remote.RemoteTestNG.main(RemoteTestNG.java:77)
]]>
    </error>
  </testcase> <!-- setup -->
  <system-out>
    <![CDATA[Configuration File is loaded successfully]]>
  </system-out>
</testsuite> <!-- com.parabank.driverscript.TestBase -->
